#
# A fatal error has been detected by the Java Runtime Environment:
#
#  Internal Error (javaClasses.cpp:136), pid=4444, tid=5732
#  fatal error: Invalid layout of preloaded class
#
# JRE version:  (7.0_51-b13) (build )
# Java VM: Java HotSpot(TM) Client VM (24.51-b03 mixed mode windows-x86 )
# Failed to write core dump. Minidumps are not enabled by default on client versions of Windows
#
# If you would like to submit a bug report, please visit:
#   http://bugreport.sun.com/bugreport/crash.jsp
#

---------------  T H R E A D  ---------------

Current thread (0x004cc800):  JavaThread "Unknown thread" [_thread_in_vm, id=5732, stack(0x00550000,0x005a0000)]

Stack: [0x00550000,0x005a0000],  sp=0x0059f7ec,  free space=317k
Native frames: (J=compiled Java code, j=interpreted, Vv=VM code, C=native code)
V  [jvm.dll+0x18e0f1]
V  [jvm.dll+0x187e66]
V  [jvm.dll+0x3586a]
V  [jvm.dll+0x358f6]
V  [jvm.dll+0x4400d]
V  [jvm.dll+0x442be]
V  [jvm.dll+0x9263a]
V  [jvm.dll+0x929eb]
V  [jvm.dll+0x13dc51]
V  [jvm.dll+0x16076c]
V  [jvm.dll+0xc8ebf]
C  [javaw.exe+0x13ce]
C  [javaw.exe+0x1e40]
C  [javaw.exe+0xa5b1]
C  [javaw.exe+0xa63b]
C  [kernel32.dll+0x133ca]
C  [ntdll.dll+0x39ed2]
C  [ntdll.dll+0x39ea5]


---------------  P R O C E S S  ---------------

Java Threads: ( => current thread )

Other Threads:

=>0x004cc800 (exited) JavaThread "Unknown thread" [_thread_in_vm, id=5732, stack(0x00550000,0x005a0000)]

VM state:not at safepoint (not fully initialized)

VM Mutex/Monitor currently owned by a thread: None

GC Heap History (0 events):
No events

Deoptimization events (0 events):
No events

Internal exceptions (0 events):
No events

Events (10 events):
Event: 0.353 loading class 0x01cfc948 done
Event: 0.354 loading class 0x01cfc3d8 done
Event: 0.354 loading class 0x01cfc3b8
Event: 0.354 loading class 0x01d036e0
Event: 0.354 loading class 0x01d036e0 done
Event: 0.354 loading class 0x01d03710
Event: 0.354 loading class 0x01d03710 done
Event: 0.354 loading class 0x01d03740
Event: 0.354 loading class 0x01d03740 done
Event: 0.354 loading class 0x01cfc3b8 done


Dynamic libraries:
0x001d0000 - 0x001ff000 	C:\Program Files (x86)\Java\jre7\bin\javaw.exe
0x770c0000 - 0x77240000 	C:\Windows\SysWOW64\ntdll.dll
0x76620000 - 0x76730000 	C:\Windows\syswow64\kernel32.dll
0x76820000 - 0x76866000 	C:\Windows\syswow64\KERNELBASE.dll
0x74ea0000 - 0x74f40000 	C:\Windows\syswow64\ADVAPI32.dll
0x74cc0000 - 0x74d6c000 	C:\Windows\syswow64\msvcrt.dll
0x765f0000 - 0x76609000 	C:\Windows\SysWOW64\sechost.dll
0x75ec0000 - 0x75fb0000 	C:\Windows\syswow64\RPCRT4.dll
0x74c20000 - 0x74c80000 	C:\Windows\syswow64\SspiCli.dll
0x74c10000 - 0x74c1c000 	C:\Windows\syswow64\CRYPTBASE.dll
0x764f0000 - 0x765f0000 	C:\Windows\syswow64\USER32.dll
0x76460000 - 0x764f0000 	C:\Windows\syswow64\GDI32.dll
0x76610000 - 0x7661a000 	C:\Windows\syswow64\LPK.dll
0x76370000 - 0x7640d000 	C:\Windows\syswow64\USP10.dll
0x70e30000 - 0x70fce000 	C:\Windows\WinSxS\x86_microsoft.windows.common-controls_6595b64144ccf1df_6.0.7601.17514_none_41e6975e2bd6f2b2\COMCTL32.dll
0x767c0000 - 0x76817000 	C:\Windows\syswow64\SHLWAPI.dll
0x76290000 - 0x762f0000 	C:\Windows\system32\IMM32.DLL
0x74fb0000 - 0x7507c000 	C:\Windows\syswow64\MSCTF.dll
0x67000000 - 0x670bf000 	C:\Program Files (x86)\Java\jre7\bin\msvcr100.dll
0x6e5c0000 - 0x6e940000 	C:\Program Files (x86)\Java\jre7\bin\client\jvm.dll
0x71270000 - 0x71277000 	C:\Windows\system32\WSOCK32.dll
0x74c80000 - 0x74cb5000 	C:\Windows\syswow64\WS2_32.dll
0x75e80000 - 0x75e86000 	C:\Windows\syswow64\NSI.dll
0x71f20000 - 0x71f52000 	C:\Windows\system32\WINMM.dll
0x76870000 - 0x76875000 	C:\Windows\syswow64\PSAPI.DLL
0x6f160000 - 0x6f16c000 	C:\Program Files (x86)\Java\jre7\bin\verify.dll
0x6edf0000 - 0x6ee10000 	C:\Program Files (x86)\Java\jre7\bin\java.dll
0x67bb0000 - 0x67bda000 	C:\Program Files (x86)\Java\jre7\bin\jdwp.dll
0x68020000 - 0x68027000 	C:\Program Files (x86)\Java\jre7\bin\npt.dll
0x6ee10000 - 0x6ee23000 	C:\Program Files (x86)\Java\jre7\bin\zip.dll
0x72270000 - 0x7235b000 	C:\Windows\system32\dbghelp.dll

VM Arguments:
jvm_args: -agentlib:jdwp=transport=dt_socket,suspend=y,address=localhost:53618 -Dfile.encoding=GBK -Xbootclasspath:D:\andriod开发工具-32位\adt-bundle-windows-x86-20131030\sdk\platforms\android-19\android.jar 
java_command: cn.edu.zucc.TPF.util.CrcCompute
Launcher Type: SUN_STANDARD

Environment Variables:
CLASSPATH=D:\hibernate-3.1 lib;
PATH=C:/Program Files (x86)/Java/jre7/bin/client;C:/Program Files (x86)/Java/jre7/bin;C:/Program Files (x86)/Java/jre7/lib/i386;C:\Program Files (x86)\NVIDIA Corporation\PhysX\Common;C:\Program Files (x86)\Common Files\NetSarang;D:\app\tan\product\11.2.0\dbhome_1\bin;C:\Windows\system32;C:\Windows;C:\Windows\System32\Wbem;C:\Windows\System32\WindowsPowerShell\v1.0\;C:\Program Files\Java\jdk1.6.0_45\bin;d:\SQL2008\100\Tools\Binn\;d:\SQL2008\100\DTS\Binn\;d:\SQL2008\100\Tools\Binn\VSShell\Common7\IDE\;C:\Program Files (x86)\Microsoft Visual Studio 9.0\Common7\IDE\PrivateAssemblies\;D:\Windows7Master;C:\Windows\winsxs\amd64_microsoft-windows-telnet-client_31bf3856ad364e35_6.1.7600.16385_none_1426830c3ebb712d;C:\Program Files (x86)\Java\jdk1.7.0_51\bin;;D:\andriod开发工具-32位\adt-bundle-windows-x86-20131030\eclipse;
USERNAME=tan
OS=Windows_NT
PROCESSOR_IDENTIFIER=Intel64 Family 6 Model 23 Stepping 10, GenuineIntel



---------------  S Y S T E M  ---------------

OS: Windows 7 , 64 bit Build 7601 Service Pack 1

CPU:total 2 (2 cores per cpu, 1 threads per core) family 6 model 23 stepping 10, cmov, cx8, fxsr, mmx, sse, sse2, sse3, ssse3, tsc

Memory: 4k page, physical 2091624k(190860k free), swap 4183248k(911276k free)

vm_info: Java HotSpot(TM) Client VM (24.51-b03) for windows-x86 JRE (1.7.0_51-b13), built on Dec 18 2013 19:09:58 by "java_re" with unknown MS VC++:1600

time: Wed Apr 02 16:56:38 2014
elapsed time: 0 seconds

